<?xml version="1.0" encoding="UTF-8"?>
<testng-results skipped="0" failed="0" ignored="0" total="1" passed="1">
  <reporter-output>
  </reporter-output>
  <suite name="Default suite" duration-ms="28977" started-at="2019-05-21T11:13:14Z" finished-at="2019-05-21T11:13:43Z">
    <groups>
    </groups>
    <test name="Default test" duration-ms="28977" started-at="2019-05-21T11:13:14Z" finished-at="2019-05-21T11:13:43Z">
      <class name="com.my6.testcases.Testrunner">
        <test-method status="PASS" signature="setup()[pri:0, instance:com.my6.testcases.Testrunner@42e26948]" name="setup" is-config="true" duration-ms="5847" started-at="2019-05-21T11:13:14Z" finished-at="2019-05-21T11:13:20Z">
          <reporter-output>
          </reporter-output>
        </test-method> <!-- setup -->
        <test-method status="PASS" signature="login()[pri:0, instance:com.my6.testcases.Testrunner@42e26948]" name="login" duration-ms="22965" started-at="2019-05-21T11:13:20Z" finished-at="2019-05-21T11:13:43Z">
          <reporter-output>
          </reporter-output>
        </test-method> <!-- login -->
      </class> <!-- com.my6.testcases.Testrunner -->
    </test> <!-- Default test -->
  </suite> <!-- Default suite -->
</testng-results>
